<?xml version="1.0" encoding="UTF-8"?>
<!-- Generated by org.testng.reporters.JUnitReportReporter -->
<testsuite hostname="ip-192-168-100-5.af-south-1.compute.internal" failures="0" tests="2" name="ToDoAndroid" time="30.618" errors="0" timestamp="2021-08-11T17:15:40 CAT" skipped="0">
  <testcase classname="ToDoAndroid" name="addTaskTest" time="15.637"/>
  <system-out/>
  <testcase classname="ToDoAndroid" name="addTaskTest" time="14.981"/>
  <system-out/>
</testsuite> <!-- ToDoAndroid -->
